[dotenv] Set [36mDATABASE_PASSWORD[0m and [36mDATABASE_USERNAME[0m
[dotenv] Loaded [33m.env[0m
  [1m[35mSQL (0.1ms)[0m  [1m[35mSET search_path TO public /*application='Onlibrary'*/[0m
  [1m[35m (221.2ms)[0m  [1m[35mCREATE DATABASE "onlibrary_development" ENCODING = 'unicode' /*application='Onlibrary'*/[0m
  [1m[35mSQL (0.1ms)[0m  [1m[35mSET search_path TO public /*application='Onlibrary'*/[0m
  [1m[35m (204.6ms)[0m  [1m[35mCREATE DATABASE "onlibrary_test" ENCODING = 'unicode' /*application='Onlibrary'*/[0m
[dotenv] Set [36mDATABASE_PASSWORD[0m and [36mDATABASE_USERNAME[0m
[dotenv] Loaded [33m.env[0m
[dotenv] Set [36mDATABASE_PASSWORD[0m and [36mDATABASE_USERNAME[0m
[dotenv] Loaded [33m.env[0m
[dotenv] Set [36mDATABASE_PASSWORD[0m and [36mDATABASE_USERNAME[0m
[dotenv] Loaded [33m.env[0m
[dotenv] Set [36mDATABASE_PASSWORD[0m and [36mDATABASE_USERNAME[0m
[dotenv] Loaded [33m.env[0m
[dotenv] Set [36mDATABASE_PASSWORD[0m and [36mDATABASE_USERNAME[0m
[dotenv] Loaded [33m.env[0m
[dotenv] Set [36mDATABASE_PASSWORD[0m and [36mDATABASE_USERNAME[0m
[dotenv] Loaded [33m.env[0m
[dotenv] Set [36mDATABASE_PASSWORD[0m and [36mDATABASE_USERNAME[0m
[dotenv] Loaded [33m.env[0m
Started GET "/" for 127.0.0.1 at 2024-12-12 00:15:06 +0300
  [1m[35m (7.4ms)[0m  [1m[35mCREATE TABLE "schema_migrations" ("version" character varying NOT NULL PRIMARY KEY) /*application='Onlibrary'*/[0m
  [1m[35m (2.1ms)[0m  [1m[35mCREATE TABLE "ar_internal_metadata" ("key" character varying NOT NULL PRIMARY KEY, "value" character varying, "created_at" timestamp(6) NOT NULL, "updated_at" timestamp(6) NOT NULL) /*application='Onlibrary'*/[0m
  [1m[36mActiveRecord::SchemaMigration Load (0.7ms)[0m  [1m[34mSELECT "schema_migrations"."version" FROM "schema_migrations" ORDER BY "schema_migrations"."version" ASC /*application='Onlibrary'*/[0m
Processing by Rails::WelcomeController#index as HTML
  Rendering C:/Ruby33-x64/lib/ruby/gems/3.3.0/gems/railties-8.0.0.1/lib/rails/templates/rails/welcome/index.html.erb
  Rendered C:/Ruby33-x64/lib/ruby/gems/3.3.0/gems/railties-8.0.0.1/lib/rails/templates/rails/welcome/index.html.erb (Duration: 0.8ms | GC: 0.0ms)
Completed 200 OK in 597ms (Views: 14.3ms | ActiveRecord: 0.0ms (0 queries, 0 cached) | GC: 0.0ms)


